2025-07-23T00:55:57.578+05:30  INFO 20220 --- [springwebapplication] [main] c.s.SpringwebapplicationApplicationTests : Starting SpringwebapplicationApplicationTests using Java 21.0.6 with PID 20220 (started by rashm in D:\pratice_java_psa\springwebapplication)
2025-07-23T00:55:57.587+05:30  INFO 20220 --- [springwebapplication] [main] c.s.SpringwebapplicationApplicationTests : No active profile set, falling back to 1 default profile: "default"
2025-07-23T00:55:59.030+05:30  INFO 20220 --- [springwebapplication] [main] .s.d.r.c.RepositoryConfigurationDelegate : Bootstrapping Spring Data JPA repositories in DEFAULT mode.
2025-07-23T00:55:59.186+05:30  INFO 20220 --- [springwebapplication] [main] .s.d.r.c.RepositoryConfigurationDelegate : Finished Spring Data repository scanning in 125 ms. Found 2 JPA repository interfaces.
2025-07-23T00:56:00.330+05:30  INFO 20220 --- [springwebapplication] [main] o.hibernate.jpa.internal.util.LogHelper  : HHH000204: Processing PersistenceUnitInfo [name: default]
2025-07-23T00:56:00.566+05:30  INFO 20220 --- [springwebapplication] [main] org.hibernate.Version                    : HHH000412: Hibernate ORM core version 6.6.18.Final
2025-07-23T00:56:00.662+05:30  INFO 20220 --- [springwebapplication] [main] o.h.c.internal.RegionFactoryInitiator    : HHH000026: Second-level cache disabled
2025-07-23T00:56:01.663+05:30  INFO 20220 --- [springwebapplication] [main] o.s.o.j.p.SpringPersistenceUnitInfo      : No LoadTimeWeaver setup: ignoring JPA class transformer
2025-07-23T00:56:01.759+05:30  INFO 20220 --- [springwebapplication] [main] com.zaxxer.hikari.HikariDataSource       : HikariPool-1 - Starting...
2025-07-23T00:56:02.885+05:30  INFO 20220 --- [springwebapplication] [main] com.zaxxer.hikari.pool.HikariPool        : HikariPool-1 - Added connection com.mysql.cj.jdbc.ConnectionImpl@6076c66
2025-07-23T00:56:02.885+05:30  INFO 20220 --- [springwebapplication] [main] com.zaxxer.hikari.HikariDataSource       : HikariPool-1 - Start completed.
2025-07-23T00:56:03.079+05:30  INFO 20220 --- [springwebapplication] [main] org.hibernate.orm.connections.pooling    : HHH10001005: Database info:
	Database JDBC URL [Connecting through datasource 'HikariDataSource (HikariPool-1)']
	Database driver: undefined/unknown
	Database version: 8.0.34
	Autocommit mode: undefined/unknown
	Isolation level: undefined/unknown
	Minimum pool size: undefined/unknown
	Maximum pool size: undefined/unknown
2025-07-23T00:56:05.377+05:30  INFO 20220 --- [springwebapplication] [main] o.h.e.t.j.p.i.JtaPlatformInitiator       : HHH000489: No JTA platform available (set 'hibernate.transaction.jta.platform' to enable JTA platform integration)
2025-07-23T00:56:05.626+05:30  INFO 20220 --- [springwebapplication] [main] j.LocalContainerEntityManagerFactoryBean : Initialized JPA EntityManagerFactory for persistence unit 'default'
2025-07-23T00:56:06.227+05:30  WARN 20220 --- [springwebapplication] [main] JpaBaseConfiguration$JpaWebConfiguration : spring.jpa.open-in-view is enabled by default. Therefore, database queries may be performed during view rendering. Explicitly configure spring.jpa.open-in-view to disable this warning
2025-07-23T00:56:07.209+05:30  INFO 20220 --- [springwebapplication] [main] c.s.SpringwebapplicationApplicationTests : Started SpringwebapplicationApplicationTests in 10.082 seconds (process running for 11.553)
2025-07-23T00:56:08.026+05:30  INFO 20220 --- [springwebapplication] [SpringApplicationShutdownHook] j.LocalContainerEntityManagerFactoryBean : Closing JPA EntityManagerFactory for persistence unit 'default'
2025-07-23T00:56:08.032+05:30  INFO 20220 --- [springwebapplication] [SpringApplicationShutdownHook] com.zaxxer.hikari.HikariDataSource       : HikariPool-1 - Shutdown initiated...
2025-07-23T00:56:08.047+05:30  INFO 20220 --- [springwebapplication] [SpringApplicationShutdownHook] com.zaxxer.hikari.HikariDataSource       : HikariPool-1 - Shutdown completed.
2025-07-23T00:59:27.092+05:30  INFO 18724 --- [springwebapplication] [main] c.s.SpringwebapplicationApplicationTests : Starting SpringwebapplicationApplicationTests using Java 21.0.6 with PID 18724 (started by rashm in D:\pratice_java_psa\springwebapplication)
2025-07-23T00:59:27.092+05:30  INFO 18724 --- [springwebapplication] [main] c.s.SpringwebapplicationApplicationTests : No active profile set, falling back to 1 default profile: "default"
2025-07-23T00:59:28.001+05:30  INFO 18724 --- [springwebapplication] [main] .s.d.r.c.RepositoryConfigurationDelegate : Bootstrapping Spring Data JPA repositories in DEFAULT mode.
2025-07-23T00:59:28.080+05:30  INFO 18724 --- [springwebapplication] [main] .s.d.r.c.RepositoryConfigurationDelegate : Finished Spring Data repository scanning in 56 ms. Found 2 JPA repository interfaces.
2025-07-23T00:59:28.780+05:30  INFO 18724 --- [springwebapplication] [main] o.hibernate.jpa.internal.util.LogHelper  : HHH000204: Processing PersistenceUnitInfo [name: default]
2025-07-23T00:59:29.004+05:30  INFO 18724 --- [springwebapplication] [main] org.hibernate.Version                    : HHH000412: Hibernate ORM core version 6.6.18.Final
2025-07-23T00:59:29.116+05:30  INFO 18724 --- [springwebapplication] [main] o.h.c.internal.RegionFactoryInitiator    : HHH000026: Second-level cache disabled
2025-07-23T00:59:30.259+05:30  INFO 18724 --- [springwebapplication] [main] o.s.o.j.p.SpringPersistenceUnitInfo      : No LoadTimeWeaver setup: ignoring JPA class transformer
2025-07-23T00:59:30.387+05:30  INFO 18724 --- [springwebapplication] [main] com.zaxxer.hikari.HikariDataSource       : HikariPool-1 - Starting...
2025-07-23T00:59:31.530+05:30  INFO 18724 --- [springwebapplication] [main] com.zaxxer.hikari.pool.HikariPool        : HikariPool-1 - Added connection com.mysql.cj.jdbc.ConnectionImpl@5c4714ef
2025-07-23T00:59:31.530+05:30  INFO 18724 --- [springwebapplication] [main] com.zaxxer.hikari.HikariDataSource       : HikariPool-1 - Start completed.
2025-07-23T00:59:31.832+05:30  INFO 18724 --- [springwebapplication] [main] org.hibernate.orm.connections.pooling    : HHH10001005: Database info:
	Database JDBC URL [Connecting through datasource 'HikariDataSource (HikariPool-1)']
	Database driver: undefined/unknown
	Database version: 8.0.34
	Autocommit mode: undefined/unknown
	Isolation level: undefined/unknown
	Minimum pool size: undefined/unknown
	Maximum pool size: undefined/unknown
2025-07-23T00:59:34.177+05:30  INFO 18724 --- [springwebapplication] [main] o.h.e.t.j.p.i.JtaPlatformInitiator       : HHH000489: No JTA platform available (set 'hibernate.transaction.jta.platform' to enable JTA platform integration)
2025-07-23T00:59:34.368+05:30  INFO 18724 --- [springwebapplication] [main] j.LocalContainerEntityManagerFactoryBean : Initialized JPA EntityManagerFactory for persistence unit 'default'
2025-07-23T00:59:35.181+05:30  WARN 18724 --- [springwebapplication] [main] JpaBaseConfiguration$JpaWebConfiguration : spring.jpa.open-in-view is enabled by default. Therefore, database queries may be performed during view rendering. Explicitly configure spring.jpa.open-in-view to disable this warning
2025-07-23T00:59:36.087+05:30  INFO 18724 --- [springwebapplication] [main] c.s.SpringwebapplicationApplicationTests : Started SpringwebapplicationApplicationTests in 9.372 seconds (process running for 10.525)
2025-07-23T00:59:36.863+05:30  INFO 18724 --- [springwebapplication] [SpringApplicationShutdownHook] j.LocalContainerEntityManagerFactoryBean : Closing JPA EntityManagerFactory for persistence unit 'default'
2025-07-23T00:59:36.867+05:30  INFO 18724 --- [springwebapplication] [SpringApplicationShutdownHook] com.zaxxer.hikari.HikariDataSource       : HikariPool-1 - Shutdown initiated...
2025-07-23T00:59:36.867+05:30  INFO 18724 --- [springwebapplication] [SpringApplicationShutdownHook] com.zaxxer.hikari.HikariDataSource       : HikariPool-1 - Shutdown completed.
2025-07-23T01:05:32.229+05:30  INFO 10368 --- [springwebapplication] [main] c.s.SpringwebapplicationApplicationTests : Starting SpringwebapplicationApplicationTests using Java 21.0.6 with PID 10368 (started by rashm in D:\pratice_java_psa\springwebapplication)
2025-07-23T01:05:32.231+05:30  INFO 10368 --- [springwebapplication] [main] c.s.SpringwebapplicationApplicationTests : No active profile set, falling back to 1 default profile: "default"
2025-07-23T01:05:33.149+05:30  INFO 10368 --- [springwebapplication] [main] .s.d.r.c.RepositoryConfigurationDelegate : Bootstrapping Spring Data JPA repositories in DEFAULT mode.
2025-07-23T01:05:33.213+05:30  INFO 10368 --- [springwebapplication] [main] .s.d.r.c.RepositoryConfigurationDelegate : Finished Spring Data repository scanning in 56 ms. Found 2 JPA repository interfaces.
2025-07-23T01:05:33.818+05:30  INFO 10368 --- [springwebapplication] [main] o.hibernate.jpa.internal.util.LogHelper  : HHH000204: Processing PersistenceUnitInfo [name: default]
2025-07-23T01:05:34.066+05:30  INFO 10368 --- [springwebapplication] [main] org.hibernate.Version                    : HHH000412: Hibernate ORM core version 6.6.18.Final
2025-07-23T01:05:34.146+05:30  INFO 10368 --- [springwebapplication] [main] o.h.c.internal.RegionFactoryInitiator    : HHH000026: Second-level cache disabled
2025-07-23T01:05:35.115+05:30  INFO 10368 --- [springwebapplication] [main] o.s.o.j.p.SpringPersistenceUnitInfo      : No LoadTimeWeaver setup: ignoring JPA class transformer
2025-07-23T01:05:35.215+05:30  INFO 10368 --- [springwebapplication] [main] com.zaxxer.hikari.HikariDataSource       : HikariPool-1 - Starting...
2025-07-23T01:05:36.326+05:30  INFO 10368 --- [springwebapplication] [main] com.zaxxer.hikari.pool.HikariPool        : HikariPool-1 - Added connection com.mysql.cj.jdbc.ConnectionImpl@254e9709
2025-07-23T01:05:36.348+05:30  INFO 10368 --- [springwebapplication] [main] com.zaxxer.hikari.HikariDataSource       : HikariPool-1 - Start completed.
2025-07-23T01:05:36.645+05:30  INFO 10368 --- [springwebapplication] [main] org.hibernate.orm.connections.pooling    : HHH10001005: Database info:
	Database JDBC URL [Connecting through datasource 'HikariDataSource (HikariPool-1)']
	Database driver: undefined/unknown
	Database version: 8.0.34
	Autocommit mode: undefined/unknown
	Isolation level: undefined/unknown
	Minimum pool size: undefined/unknown
	Maximum pool size: undefined/unknown
2025-07-23T01:05:38.807+05:30  INFO 10368 --- [springwebapplication] [main] o.h.e.t.j.p.i.JtaPlatformInitiator       : HHH000489: No JTA platform available (set 'hibernate.transaction.jta.platform' to enable JTA platform integration)
2025-07-23T01:05:39.008+05:30  INFO 10368 --- [springwebapplication] [main] j.LocalContainerEntityManagerFactoryBean : Initialized JPA EntityManagerFactory for persistence unit 'default'
2025-07-23T01:05:39.804+05:30  WARN 10368 --- [springwebapplication] [main] JpaBaseConfiguration$JpaWebConfiguration : spring.jpa.open-in-view is enabled by default. Therefore, database queries may be performed during view rendering. Explicitly configure spring.jpa.open-in-view to disable this warning
2025-07-23T01:05:40.642+05:30  INFO 10368 --- [springwebapplication] [main] c.s.SpringwebapplicationApplicationTests : Started SpringwebapplicationApplicationTests in 8.803 seconds (process running for 9.908)
2025-07-23T01:05:41.419+05:30  INFO 10368 --- [springwebapplication] [SpringApplicationShutdownHook] j.LocalContainerEntityManagerFactoryBean : Closing JPA EntityManagerFactory for persistence unit 'default'
2025-07-23T01:05:41.425+05:30  INFO 10368 --- [springwebapplication] [SpringApplicationShutdownHook] com.zaxxer.hikari.HikariDataSource       : HikariPool-1 - Shutdown initiated...
2025-07-23T01:05:41.435+05:30  INFO 10368 --- [springwebapplication] [SpringApplicationShutdownHook] com.zaxxer.hikari.HikariDataSource       : HikariPool-1 - Shutdown completed.
2025-07-23T01:12:15.513+05:30  INFO 19556 --- [springwebapplication] [main] c.s.SpringwebapplicationApplicationTests : Starting SpringwebapplicationApplicationTests using Java 21.0.6 with PID 19556 (started by rashm in D:\pratice_java_psa\springwebapplication)
2025-07-23T01:12:15.515+05:30  INFO 19556 --- [springwebapplication] [main] c.s.SpringwebapplicationApplicationTests : No active profile set, falling back to 1 default profile: "default"
2025-07-23T01:12:16.405+05:30  INFO 19556 --- [springwebapplication] [main] .s.d.r.c.RepositoryConfigurationDelegate : Bootstrapping Spring Data JPA repositories in DEFAULT mode.
2025-07-23T01:12:16.494+05:30  INFO 19556 --- [springwebapplication] [main] .s.d.r.c.RepositoryConfigurationDelegate : Finished Spring Data repository scanning in 68 ms. Found 2 JPA repository interfaces.
2025-07-23T01:12:17.053+05:30  INFO 19556 --- [springwebapplication] [main] o.hibernate.jpa.internal.util.LogHelper  : HHH000204: Processing PersistenceUnitInfo [name: default]
2025-07-23T01:12:17.150+05:30  INFO 19556 --- [springwebapplication] [main] org.hibernate.Version                    : HHH000412: Hibernate ORM core version 6.6.18.Final
2025-07-23T01:12:17.271+05:30  INFO 19556 --- [springwebapplication] [main] o.h.c.internal.RegionFactoryInitiator    : HHH000026: Second-level cache disabled
2025-07-23T01:12:18.360+05:30  INFO 19556 --- [springwebapplication] [main] o.s.o.j.p.SpringPersistenceUnitInfo      : No LoadTimeWeaver setup: ignoring JPA class transformer
2025-07-23T01:12:18.442+05:30  INFO 19556 --- [springwebapplication] [main] com.zaxxer.hikari.HikariDataSource       : HikariPool-1 - Starting...
2025-07-23T01:12:19.366+05:30  INFO 19556 --- [springwebapplication] [main] com.zaxxer.hikari.pool.HikariPool        : HikariPool-1 - Added connection com.mysql.cj.jdbc.ConnectionImpl@350f18a6
2025-07-23T01:12:19.366+05:30  INFO 19556 --- [springwebapplication] [main] com.zaxxer.hikari.HikariDataSource       : HikariPool-1 - Start completed.
2025-07-23T01:12:19.631+05:30  INFO 19556 --- [springwebapplication] [main] org.hibernate.orm.connections.pooling    : HHH10001005: Database info:
	Database JDBC URL [Connecting through datasource 'HikariDataSource (HikariPool-1)']
	Database driver: undefined/unknown
	Database version: 8.0.34
	Autocommit mode: undefined/unknown
	Isolation level: undefined/unknown
	Minimum pool size: undefined/unknown
	Maximum pool size: undefined/unknown
2025-07-23T01:12:21.720+05:30  INFO 19556 --- [springwebapplication] [main] o.h.e.t.j.p.i.JtaPlatformInitiator       : HHH000489: No JTA platform available (set 'hibernate.transaction.jta.platform' to enable JTA platform integration)
2025-07-23T01:12:21.833+05:30  INFO 19556 --- [springwebapplication] [main] j.LocalContainerEntityManagerFactoryBean : Initialized JPA EntityManagerFactory for persistence unit 'default'
2025-07-23T01:12:22.647+05:30  WARN 19556 --- [springwebapplication] [main] JpaBaseConfiguration$JpaWebConfiguration : spring.jpa.open-in-view is enabled by default. Therefore, database queries may be performed during view rendering. Explicitly configure spring.jpa.open-in-view to disable this warning
2025-07-23T01:12:23.479+05:30  INFO 19556 --- [springwebapplication] [main] c.s.SpringwebapplicationApplicationTests : Started SpringwebapplicationApplicationTests in 8.347 seconds (process running for 9.373)
2025-07-23T01:12:24.331+05:30  INFO 19556 --- [springwebapplication] [SpringApplicationShutdownHook] j.LocalContainerEntityManagerFactoryBean : Closing JPA EntityManagerFactory for persistence unit 'default'
2025-07-23T01:12:24.333+05:30  INFO 19556 --- [springwebapplication] [SpringApplicationShutdownHook] com.zaxxer.hikari.HikariDataSource       : HikariPool-1 - Shutdown initiated...
2025-07-23T01:12:24.351+05:30  INFO 19556 --- [springwebapplication] [SpringApplicationShutdownHook] com.zaxxer.hikari.HikariDataSource       : HikariPool-1 - Shutdown completed.
2025-07-23T01:28:22.848+05:30  INFO 15164 --- [springwebapplication] [main] c.s.SpringwebapplicationApplicationTests : Starting SpringwebapplicationApplicationTests using Java 21.0.6 with PID 15164 (started by rashm in D:\pratice_java_psa\springwebapplication)
2025-07-23T01:28:22.848+05:30  INFO 15164 --- [springwebapplication] [main] c.s.SpringwebapplicationApplicationTests : No active profile set, falling back to 1 default profile: "default"
2025-07-23T01:28:23.800+05:30  INFO 15164 --- [springwebapplication] [main] .s.d.r.c.RepositoryConfigurationDelegate : Bootstrapping Spring Data JPA repositories in DEFAULT mode.
2025-07-23T01:28:23.881+05:30  INFO 15164 --- [springwebapplication] [main] .s.d.r.c.RepositoryConfigurationDelegate : Finished Spring Data repository scanning in 67 ms. Found 2 JPA repository interfaces.
2025-07-23T01:28:24.613+05:30  INFO 15164 --- [springwebapplication] [main] o.hibernate.jpa.internal.util.LogHelper  : HHH000204: Processing PersistenceUnitInfo [name: default]
2025-07-23T01:28:24.816+05:30  INFO 15164 --- [springwebapplication] [main] org.hibernate.Version                    : HHH000412: Hibernate ORM core version 6.6.18.Final
2025-07-23T01:28:24.912+05:30  INFO 15164 --- [springwebapplication] [main] o.h.c.internal.RegionFactoryInitiator    : HHH000026: Second-level cache disabled
2025-07-23T01:28:25.958+05:30  INFO 15164 --- [springwebapplication] [main] o.s.o.j.p.SpringPersistenceUnitInfo      : No LoadTimeWeaver setup: ignoring JPA class transformer
2025-07-23T01:28:26.022+05:30  INFO 15164 --- [springwebapplication] [main] com.zaxxer.hikari.HikariDataSource       : HikariPool-1 - Starting...
2025-07-23T01:28:27.284+05:30  INFO 15164 --- [springwebapplication] [main] com.zaxxer.hikari.pool.HikariPool        : HikariPool-1 - Added connection com.mysql.cj.jdbc.ConnectionImpl@147c00aa
2025-07-23T01:28:27.284+05:30  INFO 15164 --- [springwebapplication] [main] com.zaxxer.hikari.HikariDataSource       : HikariPool-1 - Start completed.
2025-07-23T01:28:27.516+05:30  INFO 15164 --- [springwebapplication] [main] org.hibernate.orm.connections.pooling    : HHH10001005: Database info:
	Database JDBC URL [Connecting through datasource 'HikariDataSource (HikariPool-1)']
	Database driver: undefined/unknown
	Database version: 8.0.34
	Autocommit mode: undefined/unknown
	Isolation level: undefined/unknown
	Minimum pool size: undefined/unknown
	Maximum pool size: undefined/unknown
2025-07-23T01:28:29.868+05:30  INFO 15164 --- [springwebapplication] [main] o.h.e.t.j.p.i.JtaPlatformInitiator       : HHH000489: No JTA platform available (set 'hibernate.transaction.jta.platform' to enable JTA platform integration)
2025-07-23T01:28:30.043+05:30  INFO 15164 --- [springwebapplication] [main] j.LocalContainerEntityManagerFactoryBean : Initialized JPA EntityManagerFactory for persistence unit 'default'
2025-07-23T01:28:30.899+05:30  WARN 15164 --- [springwebapplication] [main] JpaBaseConfiguration$JpaWebConfiguration : spring.jpa.open-in-view is enabled by default. Therefore, database queries may be performed during view rendering. Explicitly configure spring.jpa.open-in-view to disable this warning
2025-07-23T01:28:31.723+05:30  INFO 15164 --- [springwebapplication] [main] c.s.SpringwebapplicationApplicationTests : Started SpringwebapplicationApplicationTests in 9.245 seconds (process running for 10.419)
2025-07-23T01:28:32.455+05:30  INFO 15164 --- [springwebapplication] [SpringApplicationShutdownHook] j.LocalContainerEntityManagerFactoryBean : Closing JPA EntityManagerFactory for persistence unit 'default'
2025-07-23T01:28:32.471+05:30  INFO 15164 --- [springwebapplication] [SpringApplicationShutdownHook] com.zaxxer.hikari.HikariDataSource       : HikariPool-1 - Shutdown initiated...
2025-07-23T01:28:32.487+05:30  INFO 15164 --- [springwebapplication] [SpringApplicationShutdownHook] com.zaxxer.hikari.HikariDataSource       : HikariPool-1 - Shutdown completed.
2025-07-23T01:33:25.839+05:30  INFO 25748 --- [springwebapplication] [main] c.s.SpringwebapplicationApplicationTests : Starting SpringwebapplicationApplicationTests using Java 21.0.6 with PID 25748 (started by rashm in D:\pratice_java_psa\springwebapplication)
2025-07-23T01:33:25.842+05:30  INFO 25748 --- [springwebapplication] [main] c.s.SpringwebapplicationApplicationTests : No active profile set, falling back to 1 default profile: "default"
2025-07-23T01:33:26.992+05:30  INFO 25748 --- [springwebapplication] [main] .s.d.r.c.RepositoryConfigurationDelegate : Bootstrapping Spring Data JPA repositories in DEFAULT mode.
2025-07-23T01:33:27.182+05:30  INFO 25748 --- [springwebapplication] [main] .s.d.r.c.RepositoryConfigurationDelegate : Finished Spring Data repository scanning in 163 ms. Found 2 JPA repository interfaces.
2025-07-23T01:33:28.388+05:30  INFO 25748 --- [springwebapplication] [main] o.hibernate.jpa.internal.util.LogHelper  : HHH000204: Processing PersistenceUnitInfo [name: default]
2025-07-23T01:33:28.626+05:30  INFO 25748 --- [springwebapplication] [main] org.hibernate.Version                    : HHH000412: Hibernate ORM core version 6.6.18.Final
2025-07-23T01:33:28.754+05:30  INFO 25748 --- [springwebapplication] [main] o.h.c.internal.RegionFactoryInitiator    : HHH000026: Second-level cache disabled
2025-07-23T01:33:29.885+05:30  INFO 25748 --- [springwebapplication] [main] o.s.o.j.p.SpringPersistenceUnitInfo      : No LoadTimeWeaver setup: ignoring JPA class transformer
2025-07-23T01:33:30.029+05:30  INFO 25748 --- [springwebapplication] [main] com.zaxxer.hikari.HikariDataSource       : HikariPool-1 - Starting...
2025-07-23T01:33:31.230+05:30  INFO 25748 --- [springwebapplication] [main] com.zaxxer.hikari.pool.HikariPool        : HikariPool-1 - Added connection com.mysql.cj.jdbc.ConnectionImpl@44492c06
2025-07-23T01:33:31.230+05:30  INFO 25748 --- [springwebapplication] [main] com.zaxxer.hikari.HikariDataSource       : HikariPool-1 - Start completed.
2025-07-23T01:33:31.500+05:30  INFO 25748 --- [springwebapplication] [main] org.hibernate.orm.connections.pooling    : HHH10001005: Database info:
	Database JDBC URL [Connecting through datasource 'HikariDataSource (HikariPool-1)']
	Database driver: undefined/unknown
	Database version: 8.0.34
	Autocommit mode: undefined/unknown
	Isolation level: undefined/unknown
	Minimum pool size: undefined/unknown
	Maximum pool size: undefined/unknown
2025-07-23T01:33:33.732+05:30  INFO 25748 --- [springwebapplication] [main] o.h.e.t.j.p.i.JtaPlatformInitiator       : HHH000489: No JTA platform available (set 'hibernate.transaction.jta.platform' to enable JTA platform integration)
2025-07-23T01:33:33.922+05:30  INFO 25748 --- [springwebapplication] [main] j.LocalContainerEntityManagerFactoryBean : Initialized JPA EntityManagerFactory for persistence unit 'default'
2025-07-23T01:33:34.684+05:30  WARN 25748 --- [springwebapplication] [main] JpaBaseConfiguration$JpaWebConfiguration : spring.jpa.open-in-view is enabled by default. Therefore, database queries may be performed during view rendering. Explicitly configure spring.jpa.open-in-view to disable this warning
2025-07-23T01:33:35.697+05:30  INFO 25748 --- [springwebapplication] [main] c.s.SpringwebapplicationApplicationTests : Started SpringwebapplicationApplicationTests in 10.317 seconds (process running for 11.658)
2025-07-23T01:33:36.552+05:30  INFO 25748 --- [springwebapplication] [SpringApplicationShutdownHook] j.LocalContainerEntityManagerFactoryBean : Closing JPA EntityManagerFactory for persistence unit 'default'
2025-07-23T01:33:36.559+05:30  INFO 25748 --- [springwebapplication] [SpringApplicationShutdownHook] com.zaxxer.hikari.HikariDataSource       : HikariPool-1 - Shutdown initiated...
2025-07-23T01:33:36.568+05:30  INFO 25748 --- [springwebapplication] [SpringApplicationShutdownHook] com.zaxxer.hikari.HikariDataSource       : HikariPool-1 - Shutdown completed.
2025-07-23T01:34:51.340+05:30  INFO 13276 --- [springwebapplication] [main] c.s.SpringwebapplicationApplicationTests : Starting SpringwebapplicationApplicationTests using Java 21.0.6 with PID 13276 (started by rashm in D:\pratice_java_psa\springwebapplication)
2025-07-23T01:34:51.343+05:30  INFO 13276 --- [springwebapplication] [main] c.s.SpringwebapplicationApplicationTests : No active profile set, falling back to 1 default profile: "default"
2025-07-23T01:34:52.788+05:30  INFO 13276 --- [springwebapplication] [main] .s.d.r.c.RepositoryConfigurationDelegate : Bootstrapping Spring Data JPA repositories in DEFAULT mode.
2025-07-23T01:34:53.000+05:30  INFO 13276 --- [springwebapplication] [main] .s.d.r.c.RepositoryConfigurationDelegate : Finished Spring Data repository scanning in 178 ms. Found 2 JPA repository interfaces.
2025-07-23T01:34:54.320+05:30  INFO 13276 --- [springwebapplication] [main] o.hibernate.jpa.internal.util.LogHelper  : HHH000204: Processing PersistenceUnitInfo [name: default]
2025-07-23T01:34:54.563+05:30  INFO 13276 --- [springwebapplication] [main] org.hibernate.Version                    : HHH000412: Hibernate ORM core version 6.6.18.Final
2025-07-23T01:34:54.659+05:30  INFO 13276 --- [springwebapplication] [main] o.h.c.internal.RegionFactoryInitiator    : HHH000026: Second-level cache disabled
2025-07-23T01:34:55.822+05:30  INFO 13276 --- [springwebapplication] [main] o.s.o.j.p.SpringPersistenceUnitInfo      : No LoadTimeWeaver setup: ignoring JPA class transformer
2025-07-23T01:34:55.958+05:30  INFO 13276 --- [springwebapplication] [main] com.zaxxer.hikari.HikariDataSource       : HikariPool-1 - Starting...
2025-07-23T01:34:57.071+05:30  INFO 13276 --- [springwebapplication] [main] com.zaxxer.hikari.pool.HikariPool        : HikariPool-1 - Added connection com.mysql.cj.jdbc.ConnectionImpl@2673487b
2025-07-23T01:34:57.087+05:30  INFO 13276 --- [springwebapplication] [main] com.zaxxer.hikari.HikariDataSource       : HikariPool-1 - Start completed.
2025-07-23T01:34:57.342+05:30  INFO 13276 --- [springwebapplication] [main] org.hibernate.orm.connections.pooling    : HHH10001005: Database info:
	Database JDBC URL [Connecting through datasource 'HikariDataSource (HikariPool-1)']
	Database driver: undefined/unknown
	Database version: 8.0.34
	Autocommit mode: undefined/unknown
	Isolation level: undefined/unknown
	Minimum pool size: undefined/unknown
	Maximum pool size: undefined/unknown
2025-07-23T01:34:59.794+05:30  INFO 13276 --- [springwebapplication] [main] o.h.e.t.j.p.i.JtaPlatformInitiator       : HHH000489: No JTA platform available (set 'hibernate.transaction.jta.platform' to enable JTA platform integration)
2025-07-23T01:34:59.955+05:30  INFO 13276 --- [springwebapplication] [main] j.LocalContainerEntityManagerFactoryBean : Initialized JPA EntityManagerFactory for persistence unit 'default'
2025-07-23T01:35:00.733+05:30  WARN 13276 --- [springwebapplication] [main] JpaBaseConfiguration$JpaWebConfiguration : spring.jpa.open-in-view is enabled by default. Therefore, database queries may be performed during view rendering. Explicitly configure spring.jpa.open-in-view to disable this warning
2025-07-23T01:35:01.638+05:30  INFO 13276 --- [springwebapplication] [main] c.s.SpringwebapplicationApplicationTests : Started SpringwebapplicationApplicationTests in 10.817 seconds (process running for 12.199)
2025-07-23T01:35:02.452+05:30  INFO 13276 --- [springwebapplication] [SpringApplicationShutdownHook] j.LocalContainerEntityManagerFactoryBean : Closing JPA EntityManagerFactory for persistence unit 'default'
2025-07-23T01:35:02.454+05:30  INFO 13276 --- [springwebapplication] [SpringApplicationShutdownHook] com.zaxxer.hikari.HikariDataSource       : HikariPool-1 - Shutdown initiated...
2025-07-23T01:35:02.469+05:30  INFO 13276 --- [springwebapplication] [SpringApplicationShutdownHook] com.zaxxer.hikari.HikariDataSource       : HikariPool-1 - Shutdown completed.
